{"uuid":"55e3d69e-d2a4-4c28-9347-204ad8057b39","historyId":"d4f1f49f6001233c15022ce30a1fa4d7","fullName":"test.computer.BuyingStandardComputerTest.testCheapComputerBuying","labels":[{"name":"package","value":"test.computer.BuyingStandardComputerTest"},{"name":"testClass","value":"test.computer.BuyingStandardComputerTest"},{"name":"testMethod","value":"testCheapComputerBuying"},{"name":"parentSuite","value":"Default Suite"},{"name":"suite","value":"uitest"},{"name":"subSuite","value":"test.computer.BuyingStandardComputerTest"},{"name":"host","value":"Admin"},{"name":"thread","value":"8488@Admin.main(1)"},{"name":"framework","value":"testng"},{"name":"language","value":"java"}],"links":[],"name":"testCheapComputerBuying","status":"broken","statusDetails":{"known":false,"muted":false,"flaky":false,"message":"[ERROR] the option 2.5GHz is not exist to select","trace":"java.lang.RuntimeException: [ERROR] the option 2.5GHz is not exist to select\r\n\tat models.components.order.StandardComputerComponent.selectOption(StandardComputerComponent.java:50)\r\n\tat models.components.order.StandardComputerComponent.selectProcessorType(StandardComputerComponent.java:25)\r\n\tat test_flows.computer.OrderComputerFlow.buildCompSpecAndAddtoCart(OrderComputerFlow.java:20)\r\n\tat test.computer.BuyingStandardComputerTest.testCheapComputerBuying(BuyingStandardComputerTest.java:19)\r\n\tat sun.reflect.NativeMethodAccessorImpl.invoke0(Native Method)\r\n\tat sun.reflect.NativeMethodAccessorImpl.invoke(NativeMethodAccessorImpl.java:62)\r\n\tat sun.reflect.DelegatingMethodAccessorImpl.invoke(DelegatingMethodAccessorImpl.java:43)\r\n\tat java.lang.reflect.Method.invoke(Method.java:498)\r\n\tat org.testng.internal.invokers.MethodInvocationHelper.invokeMethod(MethodInvocationHelper.java:135)\r\n\tat org.testng.internal.invokers.TestInvoker.invokeMethod(TestInvoker.java:673)\r\n\tat org.testng.internal.invokers.TestInvoker.invokeTestMethod(TestInvoker.java:220)\r\n\tat org.testng.internal.invokers.MethodRunner.runInSequence(MethodRunner.java:50)\r\n\tat org.testng.internal.invokers.TestInvoker$MethodInvocationAgent.invoke(TestInvoker.java:945)\r\n\tat org.testng.internal.invokers.TestInvoker.invokeTestMethods(TestInvoker.java:193)\r\n\tat org.testng.internal.invokers.TestMethodWorker.invokeTestMethods(TestMethodWorker.java:146)\r\n\tat org.testng.internal.invokers.TestMethodWorker.run(TestMethodWorker.java:128)\r\n\tat java.util.ArrayList.forEach(ArrayList.java:1259)\r\n\tat org.testng.TestRunner.privateRun(TestRunner.java:808)\r\n\tat org.testng.TestRunner.run(TestRunner.java:603)\r\n\tat org.testng.SuiteRunner.runTest(SuiteRunner.java:429)\r\n\tat org.testng.SuiteRunner.runSequentially(SuiteRunner.java:423)\r\n\tat org.testng.SuiteRunner.privateRun(SuiteRunner.java:383)\r\n\tat org.testng.SuiteRunner.run(SuiteRunner.java:326)\r\n\tat org.testng.SuiteRunnerWorker.runSuite(SuiteRunnerWorker.java:52)\r\n\tat org.testng.SuiteRunnerWorker.run(SuiteRunnerWorker.java:95)\r\n\tat org.testng.TestNG.runSuitesSequentially(TestNG.java:1249)\r\n\tat org.testng.TestNG.runSuitesLocally(TestNG.java:1169)\r\n\tat org.testng.TestNG.runSuites(TestNG.java:1092)\r\n\tat org.testng.TestNG.run(TestNG.java:1060)\r\n\tat com.intellij.rt.testng.IDEARemoteTestNG.run(IDEARemoteTestNG.java:66)\r\n\tat com.intellij.rt.testng.RemoteTestNGStarter.main(RemoteTestNGStarter.java:109)\r\n"},"stage":"finished","steps":[],"attachments":[],"parameters":[],"start":1697272293043,"stop":1697272305036}